app/build/intermediates/proguard-rules/release/aapt_rules.txt
# Referenced at full/release/AndroidManifest.xml:18
-keep class com.ftdi.j2xx.hyperterm.J2xxHyperTerm { <init>(...); }