app/build/outputs/mapping/release/seeds.txt
com.ftdi.j2xx.hyperterm.J2xxHyperTerm
com.ftdi.j2xx.hyperterm.J2xxHyperTerm: J2xxHyperTerm()
com.ftdi.j2xx.hyperterm.J2xxHyperTerm$DeviceStatus: com.ftdi.j2xx.hyperterm.J2xxHyperTerm$DeviceStatus[] values()
com.ftdi.j2xx.hyperterm.J2xxHyperTerm$DeviceStatus: com.ftdi.j2xx.hyperterm.J2xxHyperTerm$DeviceStatus valueOf(java.lang.String)
com.ftdi.j2xx.hyperterm.R$array: int baud_rate_1
com.ftdi.j2xx.hyperterm.R$array: int baud_rate_2
com.ftdi.j2xx.hyperterm.R$array: int data_bits
com.ftdi.j2xx.hyperterm.R$array: int flow_control
com.ftdi.j2xx.hyperterm.R$array: int parity
com.ftdi.j2xx.hyperterm.R$array: int port_list_1
com.ftdi.j2xx.hyperterm.R$array: int port_list_2
com.ftdi.j2xx.hyperterm.R$array: int port_list_3
com.ftdi.j2xx.hyperterm.R$array: int port_list_4
com.ftdi.j2xx.hyperterm.R$array: int port_list_5
com.ftdi.j2xx.hyperterm.R$array: int port_list_6
com.ftdi.j2xx.hyperterm.R$array: int port_list_7
com.ftdi.j2xx.hyperterm.R$array: int port_list_8
com.ftdi.j2xx.hyperterm.R$array: int stop_bits
com.ftdi.j2xx.hyperterm.R$drawable: int button_pattern
com.ftdi.j2xx.hyperterm.R$drawable: int button_pattern_2
com.ftdi.j2xx.hyperterm.R$drawable: int icon
com.ftdi.j2xx.hyperterm.R$id: int ConfigButton
com.ftdi.j2xx.hyperterm.R$id: int FormatButton
com.ftdi.j2xx.hyperterm.R$id: int LogButton
com.ftdi.j2xx.hyperterm.R$id: int ReadField
com.ftdi.j2xx.hyperterm.R$id: int ReadValues
com.ftdi.j2xx.hyperterm.R$id: int SendButton
com.ftdi.j2xx.hyperterm.R$id: int SettingButton
com.ftdi.j2xx.hyperterm.R$id: int UartInfo
com.ftdi.j2xx.hyperterm.R$id: int WriteButton
com.ftdi.j2xx.hyperterm.R$id: int WriteValues
com.ftdi.j2xx.hyperterm.R$id: int baudRate
com.ftdi.j2xx.hyperterm.R$id: int baudRateValue
com.ftdi.j2xx.hyperterm.R$id: int createFileName
com.ftdi.j2xx.hyperterm.R$id: int dataBit
com.ftdi.j2xx.hyperterm.R$id: int dataBitValue
com.ftdi.j2xx.hyperterm.R$id: int filenamedialog
com.ftdi.j2xx.hyperterm.R$id: int flowControl
com.ftdi.j2xx.hyperterm.R$id: int flowControlValue
com.ftdi.j2xx.hyperterm.R$id: int keyCtrlC
com.ftdi.j2xx.hyperterm.R$id: int keyESC
com.ftdi.j2xx.hyperterm.R$id: int menuSettings
com.ftdi.j2xx.hyperterm.R$id: int menuSpecialKey
com.ftdi.j2xx.hyperterm.R$id: int parity
com.ftdi.j2xx.hyperterm.R$id: int parityValue
com.ftdi.j2xx.hyperterm.R$id: int portSelect
com.ftdi.j2xx.hyperterm.R$id: int portSelectValue
com.ftdi.j2xx.hyperterm.R$id: int stopBit
com.ftdi.j2xx.hyperterm.R$id: int stopBitValue
com.ftdi.j2xx.hyperterm.R$id: int tvname
com.ftdi.j2xx.hyperterm.R$layout: int file_name_dialog
com.ftdi.j2xx.hyperterm.R$layout: int main
com.ftdi.j2xx.hyperterm.R$layout: int my_spinner_textview
com.ftdi.j2xx.hyperterm.R$string: int app_name
com.ftdi.j2xx.hyperterm.R$string: int baudRate
com.ftdi.j2xx.hyperterm.R$xml: int device_filter
...
android.support.v4.app.BackStackState
android.support.v4.app.BackStackState: android.os.Parcelable$Creator CREATOR
android.support.v4.app.Fragment$SavedState
android.support.v4.app.Fragment$SavedState: android.os.Parcelable$Creator CREATOR
android.support.v4.app.FragmentManagerState
android.support.v4.app.FragmentManagerState: android.os.Parcelable$Creator CREATOR
android.support.v4.app.FragmentState
android.support.v4.app.FragmentState: android.os.Parcelable$Creator CREATOR
android.support.v4.app.FragmentTabHost: void setOnTabChangedListener(android.widget.TabHost$OnTabChangeListener)
android.support.v4.app.FragmentTabHost$SavedState
android.support.v4.app.FragmentTabHost$SavedState: android.os.Parcelable$Creator CREATOR
android.support.v4.content.ModernAsyncTask$Status: android.support.v4.content.ModernAsyncTask$Status[] values()
android.support.v4.content.ModernAsyncTask$Status: android.support.v4.content.ModernAsyncTask$Status valueOf(java.lang.String)
android.support.v4.view.PagerTabStrip: void setTabIndicatorColor(int)
android.support.v4.view.PagerTabStrip: void setTabIndicatorColorResource(int)
android.support.v4.view.PagerTabStrip: int getTabIndicatorColor()
android.support.v4.view.PagerTabStrip: void setTextSpacing(int)
android.support.v4.view.PagerTabStrip: void setBackgroundDrawable(android.graphics.drawable.Drawable)
android.support.v4.view.PagerTabStrip: void setBackgroundColor(int)
android.support.v4.view.PagerTabStrip: void setBackgroundResource(int)
android.support.v4.view.PagerTabStrip: void setDrawFullUnderline(boolean)
android.support.v4.view.PagerTabStrip: boolean getDrawFullUnderline()
android.support.v4.view.PagerTabStrip: int getMinHeight()
android.support.v4.view.PagerTitleStrip: void setSingleLineAllCaps(android.widget.TextView)
android.support.v4.view.PagerTitleStrip: void setTextSpacing(int)
android.support.v4.view.PagerTitleStrip: int getTextSpacing()
android.support.v4.view.PagerTitleStrip: void setNonPrimaryAlpha(float)
android.support.v4.view.PagerTitleStrip: void setTextColor(int)
android.support.v4.view.PagerTitleStrip: void setGravity(int)
android.support.v4.view.PagerTitleStrip: int getMinHeight()
android.support.v4.view.ViewPager: void setScrollState(int)
android.support.v4.view.ViewPager: void setAdapter(android.support.v4.view.PagerAdapter)
android.support.v4.view.ViewPager: android.support.v4.view.PagerAdapter getAdapter()
android.support.v4.view.ViewPager: void setOnAdapterChangeListener(android.support.v4.view.ViewPager$OnAdapterChangeListener)
android.support.v4.view.ViewPager: int getClientWidth()
android.support.v4.view.ViewPager: void setCurrentItem(int)
android.support.v4.view.ViewPager: int getCurrentItem()
android.support.v4.view.ViewPager: void setOnPageChangeListener(android.support.v4.view.ViewPager$OnPageChangeListener)
android.support.v4.view.ViewPager: void setChildrenDrawingOrderEnabledCompat(boolean)
android.support.v4.view.ViewPager: int getOffscreenPageLimit()
android.support.v4.view.ViewPager: void setOffscreenPageLimit(int)
android.support.v4.view.ViewPager: void setPageMargin(int)
android.support.v4.view.ViewPager: int getPageMargin()
android.support.v4.view.ViewPager: void setPageMarginDrawable(android.graphics.drawable.Drawable)
android.support.v4.view.ViewPager: void setPageMarginDrawable(int)
android.support.v4.view.ViewPager: void setScrollingCacheEnabled(boolean)
android.support.v4.view.ViewPager$SavedState
android.support.v4.view.ViewPager$SavedState: android.os.Parcelable$Creator CREATOR
android.support.v4.widget.DrawerLayout: void setScrimColor(int)
android.support.v4.widget.DrawerLayout: void setDrawerListener(android.support.v4.widget.DrawerLayout$DrawerListener)
android.support.v4.widget.DrawerLayout: void setDrawerLockMode(int)
android.support.v4.widget.DrawerLayout$SavedState
android.support.v4.widget.DrawerLayout$SavedState: android.os.Parcelable$Creator CREATOR