app/build/outputs/mapping/release/mapping.txt
com.ftdi.j2xx.hyperterm.DLog -> com.ftdi.j2xx.hyperterm.a:
    void e(java.lang.String,java.lang.String) -> a
com.ftdi.j2xx.hyperterm.J2xxHyperTerm -> com.ftdi.j2xx.hyperterm.J2xxHyperTerm:
    com.ftdi.j2xx.D2xxManager ftD2xx -> a
    com.ftdi.j2xx.FT_Device ftDev -> b
    int DevCount -> c
    int currentPortIndex -> d
    int portIndex -> e
    boolean INTERNAL_DEBUG_TRACE -> f
    android.view.Menu myMenu -> g
    int MENU_CONTENT_FORMAT -> h
    int MENU_FONT_SIZE -> i
    int MENU_SAVE_CONTENT_DATA -> j
    int MENU_CLEAN_SCREEN -> k
    int MENU_ECHO -> l
    int MENU_HELP -> m
    int MENU_SETTING -> n
    java.lang.String[] contentFormatItems -> o
    java.lang.String[] fontSizeItems -> p
    java.lang.String[] echoSettingItems -> q
    java.lang.String TT -> r
    java.lang.String TXS -> s
    java.lang.String TXR -> t
    java.lang.String TYS -> u
    java.lang.String TYR -> v
    java.lang.String TZS -> w
    java.lang.String TZR -> x
    int UPDATE_TEXT_VIEW_CONTENT -> y
    int UPDATE_SEND_FILE_STATUS -> z
    int UPDATE_SEND_FILE_DONE -> A
    int ACT_SELECT_SAVED_FILE_NAME -> B
    int ACT_SELECT_SAVED_FILE_FOLDER -> C
    int ACT_SAVED_FILE_NAME_CREATED -> D
    int ACT_SELECT_SEND_FILE_NAME -> E
    int MSG_SELECT_FOLDER_NOT_FILE -> F
    int MSG_XMODEM_SEND_FILE_TIMEOUT -> G
    int UPDATE_MODEM_RECEIVE_DATA -> H
    int UPDATE_MODEM_RECEIVE_DATA_BYTES -> I
    int UPDATE_MODEM_RECEIVE_DONE -> J
    int MSG_MODEM_RECEIVE_PACKET_TIMEOUT -> K
    int ACT_MODEM_SELECT_SAVED_FILE_FOLDER -> L
    int MSG_MODEM_OPEN_SAVE_FILE_FAIL -> M
com.ftdi.j2xx.hyperterm.J2xxHyperTerm$1 -> com.ftdi.j2xx.hyperterm.b:
    com.ftdi.j2xx.hyperterm.J2xxHyperTerm this$0 -> a
    void <init>(com.ftdi.j2xx.hyperterm.J2xxHyperTerm) -> <init>
    void fileSelected(java.io.File) -> a
com.ftdi.j2xx.hyperterm.J2xxHyperTerm$10 -> com.ftdi.j2xx.hyperterm.c:
    com.ftdi.j2xx.hyperterm.J2xxHyperTerm this$0 -> a
    void <init>(com.ftdi.j2xx.hyperterm.J2xxHyperTerm) -> <init>
    void onClick(android.content.DialogInterface,int) -> onClick
com.ftdi.j2xx.hyperterm.J2xxHyperTerm$11 -> com.ftdi.j2xx.hyperterm.d:
    com.ftdi.j2xx.hyperterm.J2xxHyperTerm this$0 -> a
    void <init>(com.ftdi.j2xx.hyperterm.J2xxHyperTerm) -> <init>
    void onClick(android.content.DialogInterface,int) -> onClick
com.ftdi.j2xx.hyperterm.J2xxHyperTerm$12 -> com.ftdi.j2xx.hyperterm.e:
    com.ftdi.j2xx.hyperterm.J2xxHyperTerm this$0 -> a
    void <init>(com.ftdi.j2xx.hyperterm.J2xxHyperTerm) -> <init>
    void onClick(android.content.DialogInterface,int) -> onClick
com.ftdi.j2xx.hyperterm.J2xxHyperTerm$13 -> com.ftdi.j2xx.hyperterm.f:
    com.ftdi.j2xx.hyperterm.J2xxHyperTerm this$0 -> a
    void <init>(com.ftdi.j2xx.hyperterm.J2xxHyperTerm) -> <init>
    void onClick(android.content.DialogInterface,int) -> onClick
com.ftdi.j2xx.hyperterm.J2xxHyperTerm$14 -> com.ftdi.j2xx.hyperterm.g:
    com.ftdi.j2xx.hyperterm.J2xxHyperTerm this$0 -> a
    void <init>(com.ftdi.j2xx.hyperterm.J2xxHyperTerm) -> <init>
    void handleMessage(android.os.Message) -> handleMessage
com.ftdi.j2xx.hyperterm.J2xxHyperTerm$2 -> com.ftdi.j2xx.hyperterm.h:
    com.ftdi.j2xx.hyperterm.J2xxHyperTerm this$0 -> a
    void <init>(com.ftdi.j2xx.hyperterm.J2xxHyperTerm) -> <init>
    void onClick(android.view.View) -> onClick
com.ftdi.j2xx.hyperterm.J2xxHyperTerm$3 -> com.ftdi.j2xx.hyperterm.i:
    com.ftdi.j2xx.hyperterm.J2xxHyperTerm this$0 -> a
    void <init>(com.ftdi.j2xx.hyperterm.J2xxHyperTerm) -> <init>
    void onClick(android.view.View) -> onClick
com.ftdi.j2xx.hyperterm.J2xxHyperTerm$4 -> com.ftdi.j2xx.hyperterm.j:
    com.ftdi.j2xx.hyperterm.J2xxHyperTerm this$0 -> a
    void <init>(com.ftdi.j2xx.hyperterm.J2xxHyperTerm) -> <init>
    void onClick(android.view.View) -> onClick
...
android.support.v4.widget.SlidingPaneLayout$SlidingPanelLayoutImplBase -> android.support.v4.widget.v:
    void <init>() -> <init>
    void invalidateChildRegion(android.support.v4.widget.SlidingPaneLayout,android.view.View) -> a
android.support.v4.widget.SlidingPaneLayout$SlidingPanelLayoutImplJB -> android.support.v4.widget.w:
    java.lang.reflect.Method mGetDisplayList -> a
    java.lang.reflect.Field mRecreateDisplayList -> b
    void <init>() -> <init>
    void invalidateChildRegion(android.support.v4.widget.SlidingPaneLayout,android.view.View) -> a
android.support.v4.widget.SlidingPaneLayout$SlidingPanelLayoutImplJBMR1 -> android.support.v4.widget.x:
    void <init>() -> <init>
    void invalidateChildRegion(android.support.v4.widget.SlidingPaneLayout,android.view.View) -> a
android.support.v4.widget.ViewDragHelper -> android.support.v4.widget.y:
    int mDragState -> a
    int mTouchSlop -> b
    int mActivePointerId -> c
    float[] mInitialMotionX -> d
    float[] mInitialMotionY -> e
    float[] mLastMotionX -> f
    float[] mLastMotionY -> g
    int[] mInitialEdgesTouched -> h
    int[] mEdgeDragsInProgress -> i
    int[] mEdgeDragsLocked -> j
    int mPointersDown -> k
    android.view.VelocityTracker mVelocityTracker -> l
    float mMaxVelocity -> m
    float mMinVelocity -> n
    int mEdgeSize -> o
    int mTrackingEdges -> p
    android.support.v4.widget.ScrollerCompat mScroller -> q
    android.support.v4.widget.ViewDragHelper$Callback mCallback -> r
    android.view.View mCapturedView -> s
    boolean mReleaseInProgress -> t
    android.view.ViewGroup mParentView -> u
    android.view.animation.Interpolator sInterpolator -> v
    java.lang.Runnable mSetIdleRunnable -> w
    int getViewDragState() -> a
    int getEdgeSize() -> b
    void captureChildView(android.view.View,int) -> a
    android.view.View getCapturedView() -> c
    int getTouchSlop() -> d
    void cancel() -> e
    void abort() -> f
    boolean smoothSlideViewTo(android.view.View,int,int) -> a
    boolean settleCapturedViewAt(int,int) -> a
    boolean forceSettleCapturedViewAt(int,int,int,int) -> a
    int computeSettleDuration(android.view.View,int,int,int,int) -> a
    int computeAxisDuration(int,int,int) -> a
    int clampMag(int,int,int) -> b
android.support.v4.widget.ViewDragHelper$1 -> android.support.v4.widget.z:
    void <init>() -> <init>
    float getInterpolation(float) -> getInterpolation
android.support.v4.widget.ViewDragHelper$Callback -> android.support.v4.widget.aa:
    void onViewDragStateChanged(int) -> a
    void onViewPositionChanged(android.view.View,int,int,int,int) -> a
    void onViewCaptured(android.view.View,int) -> b
    void onViewReleased(android.view.View,float,float) -> a
    void onEdgeTouched(int,int) -> a
    boolean onEdgeLock(int) -> b
    void onEdgeDragStarted(int,int) -> b
    int getOrderedChildIndex(int) -> c
    int getViewHorizontalDragRange(android.view.View) -> a
    int getViewVerticalDragRange(android.view.View) -> b
    boolean tryCaptureView(android.view.View,int) -> a
    int clampViewPositionHorizontal(android.view.View,int,int) -> a
    int clampViewPositionVertical(android.view.View,int,int) -> b
com.ftdi.j2xx.BulkInWorker -> com.ftdi.j2xx.a:
    android.hardware.usb.UsbDeviceConnection mConnection -> a
    android.hardware.usb.UsbEndpoint mBulkIn -> b
    com.ftdi.j2xx.ProcessInCtrl mInCtrl -> c
    com.ftdi.j2xx.FT_Device mDevice -> d
    int mNrBuf -> e
    int mTransSize -> f
    int mReadTimeout -> g
    java.util.concurrent.Semaphore mPauseLock -> h
    boolean mPaused -> i
    void <init>(com.ftdi.j2xx.FT_Device,com.ftdi.j2xx.ProcessInCtrl,android.hardware.usb.UsbDeviceConnection,android.hardware.usb.UsbEndpoint) -> <init>
    void run() -> run