app/build/outputs/mapping/release/usage.txt
com.ftdi.j2xx.hyperterm.BuildConfig
com.ftdi.j2xx.hyperterm.DLog:
    static final boolean LOG
    4:4:public DLog()
    9:9:public static void i(java.lang.String,java.lang.String)
    15:15:public static void d(java.lang.String,java.lang.String)
    18:18:public static void v(java.lang.String,java.lang.String)
    21:21:public static void w(java.lang.String,java.lang.String)
com.ftdi.j2xx.hyperterm.J2xxHyperTerm:
    android.widget.TextView contentFormatText
    byte[] usbdata
    char[] readDataToText
    java.io.FileInputStream inputstream
    java.io.FileOutputStream outputstream
    java.io.FileWriter file_writer
    java.io.FileReader file_reader
    byte[] writeDataBuffer
    1897:1955:void updateBaudRateSelector(int)
com.ftdi.j2xx.hyperterm.ListenerList:
    225:226:public void remove(java.lang.Object)
    229:229:public java.util.List getListenerList()
com.ftdi.j2xx.hyperterm.R
com.ftdi.j2xx.hyperterm.R$array
com.ftdi.j2xx.hyperterm.R$drawable
com.ftdi.j2xx.hyperterm.R$id
com.ftdi.j2xx.hyperterm.R$layout
com.ftdi.j2xx.hyperterm.R$string
com.ftdi.j2xx.hyperterm.R$xml
com.ftdi.j2xx.hyperterm.SelectFileDialog:
    static final int MSG_SELECT_FOLDER_NOT_FILE
    private static final java.lang.String PARENT_DIR
    114:115:public void removeFileListener(com.ftdi.j2xx.hyperterm.SelectFileDialog$FileSelectedListener)
    122:123:public void addDirectoryListener(com.ftdi.j2xx.hyperterm.SelectFileDialog$DirectorySelectedListener)
    126:127:public void removeDirectoryListener(com.ftdi.j2xx.hyperterm.SelectFileDialog$DirectorySelectedListener)
    192:193:public void setFileEndsWith(java.lang.String)
...
android.support.v4.view.ActionProvider$VisibilityListener
android.support.v4.view.GestureDetectorCompat
android.support.v4.view.GestureDetectorCompat$GestureDetectorCompatImpl
android.support.v4.view.GestureDetectorCompat$GestureDetectorCompatImplBase
android.support.v4.view.GestureDetectorCompat$GestureDetectorCompatImplBase$GestureHandler
android.support.v4.view.GestureDetectorCompat$GestureDetectorCompatImplJellybeanMr2
android.support.v4.view.GravityCompat:
    public static final int RELATIVE_LAYOUT_DIRECTION
    public static final int START
    public static final int END
    public static final int RELATIVE_HORIZONTAL_GRAVITY_MASK
    27:62:public GravityCompat()
    132:133:public static void apply(int,int,int,android.graphics.Rect,android.graphics.Rect,int)
    162:163:public static void apply(int,int,int,android.graphics.Rect,int,int,android.graphics.Rect,int)
    186:187:public static void applyDisplay(int,android.graphics.Rect,android.graphics.Rect,int)
android.support.v4.view.GravityCompat$GravityCompatImpl:
    public abstract void apply(int,int,int,android.graphics.Rect,android.graphics.Rect,int)
    public abstract void apply(int,int,int,android.graphics.Rect,int,int,android.graphics.Rect,int)
    public abstract void applyDisplay(int,android.graphics.Rect,android.graphics.Rect,int)
android.support.v4.view.GravityCompat$GravityCompatImplBase:
    46:47:public void apply(int,int,int,android.graphics.Rect,android.graphics.Rect,int)
    52:53:public void apply(int,int,int,android.graphics.Rect,int,int,android.graphics.Rect,int)
    58:59:public void applyDisplay(int,android.graphics.Rect,android.graphics.Rect,int)
android.support.v4.view.GravityCompat$GravityCompatImplJellybeanMr1:
    71:72:public void apply(int,int,int,android.graphics.Rect,android.graphics.Rect,int)
    77:79:public void apply(int,int,int,android.graphics.Rect,int,int,android.graphics.Rect,int)
    83:84:public void applyDisplay(int,android.graphics.Rect,android.graphics.Rect,int)
android.support.v4.view.GravityCompatJellybeanMr1:
    23:23:GravityCompatJellybeanMr1()
    31:32:public static void apply(int,int,int,android.graphics.Rect,android.graphics.Rect,int)
    36:37:public static void apply(int,int,int,android.graphics.Rect,int,int,android.graphics.Rect,int)
    40:41:public static void applyDisplay(int,android.graphics.Rect,android.graphics.Rect,int)
android.support.v4.view.KeyEventCompat:
    26:144:public KeyEventCompat()
    176:176:public static int normalizeMetaState(int)
    180:180:public static boolean metaStateHasModifiers(int,int)
    184:184:public static boolean metaStateHasNoModifiers(int)
    200:200:public static boolean isTracking(android.view.KeyEvent)
    204:204:public static java.lang.Object getKeyDispatcherState(android.view.View)
    209:209:public static boolean dispatch(android.view.KeyEvent,android.view.KeyEvent$Callback,java.lang.Object,java.lang.Object)
android.support.v4.view.KeyEventCompat$BaseKeyEventVersionImpl:
    private static final int META_MODIFIER_MASK
    private static final int META_ALL_MASK
    103:103:public boolean isTracking(android.view.KeyEvent)
    108:108:public java.lang.Object getKeyDispatcherState(android.view.View)
    114:114:public boolean dispatch(android.view.KeyEvent,android.view.KeyEvent$Callback,java.lang.Object,java.lang.Object)
android.support.v4.view.KeyEventCompat$EclairKeyEventVersionImpl:
    126:126:public boolean isTracking(android.view.KeyEvent)
    131:131:public java.lang.Object getKeyDispatcherState(android.view.View)
    137:137:public boolean dispatch(android.view.KeyEvent,android.view.KeyEvent$Callback,java.lang.Object,java.lang.Object)